# JRE version: Java(TM) SE Runtime Environment (13.0.2+8) (build 13.0.2+8)
# Java VM: Java HotSpot(TM) 64-Bit Server VM (13.0.2+8, mixed mode, sharing, tiered, compressed oops, g1 gc, windows-amd64)
Heap:
 garbage-first heap   total 68608K, used 39697K [0x0000000701c00000, 0x0000000800000000)
  region size 1024K, 11 young (11264K), 1 survivors (1024K)
 Metaspace       used 65172K, capacity 66895K, committed 67276K, reserved 1107968K
  class space    used 8091K, capacity 8765K, committed 8908K, reserved 1048576K
GC Heap History (20 events):
Event: 6784.986 GC heap before
{Heap before GC invocations=32 (full 0):
 garbage-first heap   total 68608K, used 55929K [0x0000000701c00000, 0x0000000800000000)
  region size 1024K, 26 young (26624K), 1 survivors (1024K)
 Metaspace       used 65151K, capacity 66895K, committed 67276K, reserved 1107968K
  class space    used 8087K, capacity 8765K, committed 8908K, reserved 1048576K
}
Event: 6784.988 GC heap after
{Heap after GC invocations=33 (full 0):
 garbage-first heap   total 68608K, used 30327K [0x0000000701c00000, 0x0000000800000000)
  region size 1024K, 1 young (1024K), 1 survivors (1024K)
 Metaspace       used 65151K, capacity 66895K, committed 67276K, reserved 1107968K
  class space    used 8087K, capacity 8765K, committed 8908K, reserved 1048576K
}
Event: 6786.021 GC heap before
{Heap before GC invocations=33 (full 0):
 garbage-first heap   total 68608K, used 55927K [0x0000000701c00000, 0x0000000800000000)
  region size 1024K, 26 young (26624K), 1 survivors (1024K)
 Metaspace       used 65152K, capacity 66895K, committed 67276K, reserved 1107968K
  class space    used 8087K, capacity 8765K, committed 8908K, reserved 1048576K
}
Event: 6786.022 GC heap after
{Heap after GC invocations=34 (full 0):
 garbage-first heap   total 68608K, used 30362K [0x0000000701c00000, 0x0000000800000000)
  region size 1024K, 1 young (1024K), 1 survivors (1024K)
 Metaspace       used 65152K, capacity 66895K, committed 67276K, reserved 1107968K
  class space    used 8087K, capacity 8765K, committed 8908K, reserved 1048576K
}
Event: 6786.907 GC heap before
{Heap before GC invocations=34 (full 0):
 garbage-first heap   total 68608K, used 55962K [0x0000000701c00000, 0x0000000800000000)
  region size 1024K, 26 young (26624K), 1 survivors (1024K)
 Metaspace       used 65163K, capacity 66895K, committed 67276K, reserved 1107968K
  class space    used 8088K, capacity 8765K, committed 8908K, reserved 1048576K
}
Event: 6786.908 GC heap after
{Heap after GC invocations=35 (full 0):
 garbage-first heap   total 68608K, used 30389K [0x0000000701c00000, 0x0000000800000000)
  region size 1024K, 1 young (1024K), 1 survivors (1024K)
 Metaspace       used 65163K, capacity 66895K, committed 67276K, reserved 1107968K
  class space    used 8088K, capacity 8765K, committed 8908K, reserved 1048576K
}
Event: 6787.953 GC heap before
{Heap before GC invocations=35 (full 0):
 garbage-first heap   total 68608K, used 57013K [0x0000000701c00000, 0x0000000800000000)
  region size 1024K, 27 young (27648K), 1 survivors (1024K)
 Metaspace       used 65164K, capacity 66895K, committed 67276K, reserved 1107968K
  class space    used 8088K, capacity 8765K, committed 8908K, reserved 1048576K
}
Event: 6787.954 GC heap after
{Heap after GC invocations=36 (full 0):
 garbage-first heap   total 68608K, used 30392K [0x0000000701c00000, 0x0000000800000000)
  region size 1024K, 1 young (1024K), 1 survivors (1024K)
 Metaspace       used 65164K, capacity 66895K, committed 67276K, reserved 1107968K
  class space    used 8088K, capacity 8765K, committed 8908K, reserved 1048576K
}
Event: 6788.898 GC heap before
{Heap before GC invocations=36 (full 0):
 garbage-first heap   total 68608K, used 57016K [0x0000000701c00000, 0x0000000800000000)
  region size 1024K, 27 young (27648K), 1 survivors (1024K)
 Metaspace       used 65164K, capacity 66895K, committed 67276K, reserved 1107968K
  class space    used 8088K, capacity 8765K, committed 8908K, reserved 1048576K
}
Event: 6788.899 GC heap after
{Heap after GC invocations=37 (full 0):
 garbage-first heap   total 68608K, used 30389K [0x0000000701c00000, 0x0000000800000000)
  region size 1024K, 1 young (1024K), 1 survivors (1024K)
 Metaspace       used 65164K, capacity 66895K, committed 67276K, reserved 1107968K
  class space    used 8088K, capacity 8765K, committed 8908K, reserved 1048576K
}
Event: 6789.826 GC heap before
{Heap before GC invocations=37 (full 0):
 garbage-first heap   total 68608K, used 57013K [0x0000000701c00000, 0x0000000800000000)
  region size 1024K, 27 young (27648K), 1 survivors (1024K)
 Metaspace       used 65166K, capacity 66895K, committed 67276K, reserved 1107968K
  class space    used 8089K, capacity 8765K, committed 8908K, reserved 1048576K
}
Event: 6789.827 GC heap after
{Heap after GC invocations=38 (full 0):
 garbage-first heap   total 68608K, used 30393K [0x0000000701c00000, 0x0000000800000000)
  region size 1024K, 1 young (1024K), 1 survivors (1024K)
 Metaspace       used 65166K, capacity 66895K, committed 67276K, reserved 1107968K
  class space    used 8089K, capacity 8765K, committed 8908K, reserved 1048576K
}
Event: 6790.779 GC heap before
{Heap before GC invocations=38 (full 0):
 garbage-first heap   total 68608K, used 57017K [0x0000000701c00000, 0x0000000800000000)
  region size 1024K, 27 young (27648K), 1 survivors (1024K)
 Metaspace       used 65166K, capacity 66895K, committed 67276K, reserved 1107968K
  class space    used 8089K, capacity 8765K, committed 8908K, reserved 1048576K
}
Event: 6790.780 GC heap after
{Heap after GC invocations=39 (full 0):
 garbage-first heap   total 68608K, used 30398K [0x0000000701c00000, 0x0000000800000000)
  region size 1024K, 1 young (1024K), 1 survivors (1024K)
 Metaspace       used 65166K, capacity 66895K, committed 67276K, reserved 1107968K
  class space    used 8089K, capacity 8765K, committed 8908K, reserved 1048576K
}
Event: 6791.978 GC heap before
{Heap before GC invocations=39 (full 0):
 garbage-first heap   total 68608K, used 55998K [0x0000000701c00000, 0x0000000800000000)
  region size 1024K, 27 young (27648K), 1 survivors (1024K)
 Metaspace       used 65170K, capacity 66895K, committed 67276K, reserved 1107968K
  class space    used 8090K, capacity 8765K, committed 8908K, reserved 1048576K
}
Event: 6791.979 GC heap after
{Heap after GC invocations=40 (full 0):
 garbage-first heap   total 68608K, used 30466K [0x0000000701c00000, 0x0000000800000000)
  region size 1024K, 1 young (1024K), 1 survivors (1024K)
 Metaspace       used 65170K, capacity 66895K, committed 67276K, reserved 1107968K
  class space    used 8090K, capacity 8765K, committed 8908K, reserved 1048576K
}
Event: 6792.942 GC heap before
{Heap before GC invocations=40 (full 0):
 garbage-first heap   total 68608K, used 57090K [0x0000000701c00000, 0x0000000800000000)
  region size 1024K, 27 young (27648K), 1 survivors (1024K)
 Metaspace       used 65170K, capacity 66895K, committed 67276K, reserved 1107968K
  class space    used 8090K, capacity 8765K, committed 8908K, reserved 1048576K
}
Event: 6792.943 GC heap after
{Heap after GC invocations=41 (full 0):
 garbage-first heap   total 68608K, used 30477K [0x0000000701c00000, 0x0000000800000000)
  region size 1024K, 1 young (1024K), 1 survivors (1024K)
 Metaspace       used 65170K, capacity 66895K, committed 67276K, reserved 1107968K
  class space    used 8090K, capacity 8765K, committed 8908K, reserved 1048576K
}
Event: 6793.959 GC heap before
{Heap before GC invocations=41 (full 0):
 garbage-first heap   total 68608K, used 57101K [0x0000000701c00000, 0x0000000800000000)
  region size 1024K, 27 young (27648K), 1 survivors (1024K)
 Metaspace       used 65171K, capacity 66895K, committed 67276K, reserved 1107968K
  class space    used 8090K, capacity 8765K, committed 8908K, reserved 1048576K
}
Event: 6793.961 GC heap after
{Heap after GC invocations=42 (full 0):
 garbage-first heap   total 68608K, used 30481K [0x0000000701c00000, 0x0000000800000000)
  region size 1024K, 1 young (1024K), 1 survivors (1024K)
 Metaspace       used 65171K, capacity 66895K, committed 67276K, reserved 1107968K
  class space    used 8090K, capacity 8765K, committed 8908K, reserved 1048576K
}

